<?xml version="1.0" encoding="UTF-8"?>
<testng-results skipped="0" failed="0" ignored="0" total="2" passed="2">
  <reporter-output>
  </reporter-output>
  <suite name="Suite" duration-ms="20472" started-at="2019-09-27T08:19:39Z" finished-at="2019-09-27T08:19:59Z">
    <groups>
    </groups>
    <test name="Test" duration-ms="20472" started-at="2019-09-27T08:19:39Z" finished-at="2019-09-27T08:19:59Z">
      <class name="MavenTest">
        <test-method status="PASS" signature="beforeClass()[pri:0, instance:MavenTest@17550481]" name="beforeClass" is-config="true" duration-ms="10705" started-at="2019-09-27T08:19:39Z" finished-at="2019-09-27T08:19:50Z">
          <reporter-output>
          </reporter-output>
        </test-method> <!-- beforeClass -->
        <test-method status="PASS" signature="test1()[pri:0, instance:MavenTest@17550481]" name="test1" duration-ms="2307" started-at="2019-09-27T08:19:50Z" finished-at="2019-09-27T08:19:52Z">
          <reporter-output>
          </reporter-output>
        </test-method> <!-- test1 -->
        <test-method status="PASS" signature="test2()[pri:0, instance:MavenTest@17550481]" name="test2" duration-ms="6332" started-at="2019-09-27T08:19:52Z" finished-at="2019-09-27T08:19:58Z">
          <reporter-output>
          </reporter-output>
        </test-method> <!-- test2 -->
        <test-method status="PASS" signature="afterClass()[pri:0, instance:MavenTest@17550481]" name="afterClass" is-config="true" duration-ms="1097" started-at="2019-09-27T08:19:58Z" finished-at="2019-09-27T08:19:59Z">
          <reporter-output>
          </reporter-output>
        </test-method> <!-- afterClass -->
      </class> <!-- MavenTest -->
    </test> <!-- Test -->
  </suite> <!-- Suite -->
</testng-results>
